mode: set
github.com/benmuth/go-muon/lru.go:37.32,41.2 3 0
github.com/benmuth/go-muon/lru.go:43.52,44.2 0 0
github.com/benmuth/go-muon/lru.go:46.46,48.2 1 0
github.com/benmuth/go-muon/lru.go:50.44,52.52 2 0
github.com/benmuth/go-muon/lru.go:52.52,53.25 1 0
github.com/benmuth/go-muon/lru.go:53.25,55.4 1 0
github.com/benmuth/go-muon/lru.go:56.3,56.10 1 0
github.com/benmuth/go-muon/lru.go:58.2,58.11 1 0
github.com/benmuth/go-muon/lru.go:61.36,63.2 0 0
github.com/benmuth/go-muon/muon.go:26.25,29.2 2 1
github.com/benmuth/go-muon/muon.go:31.40,36.2 1 1
github.com/benmuth/go-muon/muon.go:39.34,40.25 1 1
github.com/benmuth/go-muon/muon.go:41.14,42.16 1 1
github.com/benmuth/go-muon/muon.go:44.16,45.34 1 1
github.com/benmuth/go-muon/muon.go:45.34,47.4 1 1
github.com/benmuth/go-muon/muon.go:49.25,51.43 1 1
github.com/benmuth/go-muon/muon.go:51.43,54.4 2 1
github.com/benmuth/go-muon/muon.go:55.10,56.21 1 0
github.com/benmuth/go-muon/muon.go:60.50,61.28 1 0
github.com/benmuth/go-muon/muon.go:61.28,63.3 1 0
github.com/benmuth/go-muon/muon.go:65.2,66.28 2 0
github.com/benmuth/go-muon/muon.go:66.28,67.12 1 0
github.com/benmuth/go-muon/muon.go:67.12,69.4 1 0
github.com/benmuth/go-muon/muon.go:71.2,71.12 1 0
github.com/benmuth/go-muon/muon.go:76.34,77.11 1 1
github.com/benmuth/go-muon/muon.go:77.11,79.3 1 0
github.com/benmuth/go-muon/muon.go:80.2,81.6 2 1
github.com/benmuth/go-muon/muon.go:81.6,84.13 3 1
github.com/benmuth/go-muon/muon.go:84.13,87.4 2 1
github.com/benmuth/go-muon/muon.go:88.3,88.30 1 0
github.com/benmuth/go-muon/muon.go:92.34,94.22 2 1
github.com/benmuth/go-muon/muon.go:94.22,96.3 1 1
github.com/benmuth/go-muon/muon.go:97.2,97.10 1 1
github.com/benmuth/go-muon/muon.go:101.38,103.6 2 1
github.com/benmuth/go-muon/muon.go:103.6,106.17 3 1
github.com/benmuth/go-muon/muon.go:106.17,107.14 1 0
github.com/benmuth/go-muon/muon.go:109.3,110.25 2 1
github.com/benmuth/go-muon/muon.go:110.25,111.9 1 1
github.com/benmuth/go-muon/muon.go:114.2,114.25 1 1
github.com/benmuth/go-muon/muon.go:117.34,119.6 2 0
github.com/benmuth/go-muon/muon.go:119.6,122.58 3 0
github.com/benmuth/go-muon/muon.go:122.58,125.4 2 0
github.com/benmuth/go-muon/muon.go:126.3,126.30 1 0
github.com/benmuth/go-muon/muon.go:130.34,132.22 2 0
github.com/benmuth/go-muon/muon.go:132.22,134.20 2 0
github.com/benmuth/go-muon/muon.go:134.20,135.24 1 0
github.com/benmuth/go-muon/muon.go:135.24,137.5 1 0
github.com/benmuth/go-muon/muon.go:140.2,140.10 1 0
github.com/benmuth/go-muon/muon.go:143.38,145.6 2 0
github.com/benmuth/go-muon/muon.go:145.6,148.17 3 0
github.com/benmuth/go-muon/muon.go:148.17,149.14 1 0
github.com/benmuth/go-muon/muon.go:151.3,152.25 2 0
github.com/benmuth/go-muon/muon.go:152.25,153.9 1 0
github.com/benmuth/go-muon/muon.go:156.2,156.25 1 0
github.com/benmuth/go-muon/muon.go:185.36,186.11 1 0
github.com/benmuth/go-muon/muon.go:187.12,188.13 1 0
github.com/benmuth/go-muon/muon.go:189.12,190.13 1 0
github.com/benmuth/go-muon/muon.go:191.12,192.13 1 0
github.com/benmuth/go-muon/muon.go:193.12,194.13 1 0
github.com/benmuth/go-muon/muon.go:196.12,197.13 1 0
github.com/benmuth/go-muon/muon.go:198.12,199.13 1 0
github.com/benmuth/go-muon/muon.go:200.12,201.13 1 0
github.com/benmuth/go-muon/muon.go:202.12,203.13 1 0
github.com/benmuth/go-muon/muon.go:205.12,206.41 1 0
github.com/benmuth/go-muon/muon.go:207.12,208.13 1 0
github.com/benmuth/go-muon/muon.go:209.12,210.13 1 0
github.com/benmuth/go-muon/muon.go:211.10,213.13 2 0
github.com/benmuth/go-muon/muon.go:217.40,218.25 1 0
github.com/benmuth/go-muon/muon.go:219.12,220.14 1 0
github.com/benmuth/go-muon/muon.go:221.13,222.14 1 0
github.com/benmuth/go-muon/muon.go:223.13,224.14 1 0
github.com/benmuth/go-muon/muon.go:225.13,226.14 1 0
github.com/benmuth/go-muon/muon.go:228.13,229.14 1 0
github.com/benmuth/go-muon/muon.go:230.14,231.14 1 0
github.com/benmuth/go-muon/muon.go:232.14,233.14 1 0
github.com/benmuth/go-muon/muon.go:234.14,235.14 1 0
github.com/benmuth/go-muon/muon.go:237.15,238.14 1 0
github.com/benmuth/go-muon/muon.go:239.15,240.14 1 0
github.com/benmuth/go-muon/muon.go:241.10,243.13 2 0
github.com/benmuth/go-muon/muon.go:261.45,265.2 3 0
github.com/benmuth/go-muon/muon.go:267.31,269.2 1 0
github.com/benmuth/go-muon/muon.go:271.75,278.9 5 0
github.com/benmuth/go-muon/muon.go:278.9,279.33 1 0
github.com/benmuth/go-muon/muon.go:281.2,283.16 3 0
github.com/benmuth/go-muon/muon.go:283.16,284.97 1 0
github.com/benmuth/go-muon/muon.go:286.2,288.13 2 0
github.com/benmuth/go-muon/muon.go:288.13,290.28 2 0
github.com/benmuth/go-muon/muon.go:290.28,292.4 1 0
github.com/benmuth/go-muon/muon.go:293.3,293.20 1 0
github.com/benmuth/go-muon/muon.go:296.2,296.11 1 0
github.com/benmuth/go-muon/muon.go:296.11,299.25 3 0
github.com/benmuth/go-muon/muon.go:299.25,301.4 1 0
github.com/benmuth/go-muon/muon.go:303.3,303.14 1 0
github.com/benmuth/go-muon/muon.go:306.2,306.10 1 0
github.com/benmuth/go-muon/muon.go:306.10,309.25 3 0
github.com/benmuth/go-muon/muon.go:309.25,311.4 1 0
github.com/benmuth/go-muon/muon.go:313.3,313.14 1 0
github.com/benmuth/go-muon/muon.go:318.51,319.26 1 0
github.com/benmuth/go-muon/muon.go:319.26,322.3 2 0
github.com/benmuth/go-muon/muon.go:325.48,326.26 1 0
github.com/benmuth/go-muon/muon.go:326.26,329.3 2 0
github.com/benmuth/go-muon/muon.go:331.2,333.26 3 0
github.com/benmuth/go-muon/muon.go:333.26,335.3 1 0
github.com/benmuth/go-muon/muon.go:338.36,339.29 1 0
github.com/benmuth/go-muon/muon.go:340.14,341.17 1 0
github.com/benmuth/go-muon/muon.go:342.11,343.25 1 0
github.com/benmuth/go-muon/muon.go:344.12,346.10 2 0
github.com/benmuth/go-muon/muon.go:346.10,348.4 1 0
github.com/benmuth/go-muon/muon.go:348.9,350.4 1 0
github.com/benmuth/go-muon/muon.go:351.3,351.22 1 0
github.com/benmuth/go-muon/muon.go:352.11,353.27 1 0
github.com/benmuth/go-muon/muon.go:353.27,355.4 1 0
github.com/benmuth/go-muon/muon.go:355.9,358.15 3 0
github.com/benmuth/go-muon/muon.go:358.15,359.12 1 0
github.com/benmuth/go-muon/muon.go:360.23,361.45 1 0
github.com/benmuth/go-muon/muon.go:362.38,363.46 1 0
github.com/benmuth/go-muon/muon.go:364.43,365.46 1 0
github.com/benmuth/go-muon/muon.go:366.53,367.46 1 0
github.com/benmuth/go-muon/muon.go:368.13,369.44 1 0
github.com/benmuth/go-muon/muon.go:371.10,372.12 1 0
github.com/benmuth/go-muon/muon.go:373.21,374.46 1 0
github.com/benmuth/go-muon/muon.go:375.36,376.47 1 0
github.com/benmuth/go-muon/muon.go:377.41,378.47 1 0
github.com/benmuth/go-muon/muon.go:379.51,380.47 1 0
github.com/benmuth/go-muon/muon.go:381.13,382.44 1 0
github.com/benmuth/go-muon/muon.go:386.15,387.22 1 0
github.com/benmuth/go-muon/muon.go:387.22,390.4 2 0
github.com/benmuth/go-muon/muon.go:391.3,391.25 1 0
github.com/benmuth/go-muon/muon.go:391.25,393.15 2 0
github.com/benmuth/go-muon/muon.go:393.15,395.5 1 0
github.com/benmuth/go-muon/muon.go:395.10,397.5 1 0
github.com/benmuth/go-muon/muon.go:398.4,398.23 1 0
github.com/benmuth/go-muon/muon.go:401.3,401.82 1 0
github.com/benmuth/go-muon/muon.go:402.16,408.17 5 0
github.com/benmuth/go-muon/muon.go:408.17,409.100 1 0
github.com/benmuth/go-muon/muon.go:411.14,414.16 3 0
github.com/benmuth/go-muon/muon.go:415.13,418.25 3 0
github.com/benmuth/go-muon/muon.go:418.25,420.4 1 0
github.com/benmuth/go-muon/muon.go:421.3,421.9 1 0
github.com/benmuth/go-muon/muon.go:422.28,423.22 1 0
github.com/benmuth/go-muon/muon.go:423.22,426.4 2 0
github.com/benmuth/go-muon/muon.go:427.13,429.25 2 0
github.com/benmuth/go-muon/muon.go:429.25,431.4 1 0
github.com/benmuth/go-muon/muon.go:432.3,432.15 1 0
github.com/benmuth/go-muon/muon.go:433.19,435.25 2 0
github.com/benmuth/go-muon/muon.go:435.25,438.4 2 0
github.com/benmuth/go-muon/muon.go:439.3,439.15 1 0
github.com/benmuth/go-muon/muon.go:441.2,441.8 1 0
github.com/benmuth/go-muon/muon.go:444.37,446.16 2 0
github.com/benmuth/go-muon/muon.go:446.16,447.99 1 0
github.com/benmuth/go-muon/muon.go:453.39,455.9 2 0
github.com/benmuth/go-muon/muon.go:455.9,456.40 1 0
github.com/benmuth/go-muon/muon.go:460.2,461.12 2 0
github.com/benmuth/go-muon/muon.go:461.12,464.3 2 0
github.com/benmuth/go-muon/muon.go:464.8,465.40 1 0
github.com/benmuth/go-muon/muon.go:465.40,469.4 3 0
github.com/benmuth/go-muon/muon.go:471.3,471.55 1 0
github.com/benmuth/go-muon/muon.go:471.55,475.4 3 0
github.com/benmuth/go-muon/muon.go:475.9,477.4 1 0
github.com/benmuth/go-muon/muon.go:482.36,484.2 1 0
github.com/benmuth/go-muon/muon.go:486.33,486.52 1 0
github.com/benmuth/go-muon/muon.go:487.33,487.52 1 0
github.com/benmuth/go-muon/muon.go:488.33,488.52 1 0
github.com/benmuth/go-muon/muon.go:489.33,489.52 1 0
github.com/benmuth/go-muon/muon.go:491.57,494.13 3 0
github.com/benmuth/go-muon/muon.go:494.13,496.3 1 0
github.com/benmuth/go-muon/muon.go:496.8,498.3 1 0
github.com/benmuth/go-muon/muon.go:499.2,500.23 2 0
github.com/benmuth/go-muon/muon.go:503.46,506.24 2 0
github.com/benmuth/go-muon/muon.go:506.24,508.3 1 0
github.com/benmuth/go-muon/muon.go:511.39,513.2 1 0
github.com/benmuth/go-muon/muon.go:529.46,531.2 1 0
github.com/benmuth/go-muon/muon.go:533.37,535.16 2 0
github.com/benmuth/go-muon/muon.go:535.16,536.13 1 0
github.com/benmuth/go-muon/muon.go:538.2,538.13 1 0
github.com/benmuth/go-muon/muon.go:542.36,544.2 1 0
github.com/benmuth/go-muon/muon.go:546.47,549.16 3 0
github.com/benmuth/go-muon/muon.go:549.16,550.13 1 0
github.com/benmuth/go-muon/muon.go:552.2,552.24 1 0
github.com/benmuth/go-muon/muon.go:553.12,555.49 2 0
github.com/benmuth/go-muon/muon.go:555.49,558.4 2 0
github.com/benmuth/go-muon/muon.go:559.3,559.9 1 0
github.com/benmuth/go-muon/muon.go:560.12,564.17 4 0
github.com/benmuth/go-muon/muon.go:564.17,565.14 1 0
github.com/benmuth/go-muon/muon.go:567.3,567.19 1 0
github.com/benmuth/go-muon/muon.go:568.10,570.17 2 0
github.com/benmuth/go-muon/muon.go:570.17,571.14 1 0
github.com/benmuth/go-muon/muon.go:573.3,573.9 1 0
github.com/benmuth/go-muon/muon.go:577.39,580.16 3 0
github.com/benmuth/go-muon/muon.go:580.16,581.13 1 0
github.com/benmuth/go-muon/muon.go:583.2,583.25 1 0
github.com/benmuth/go-muon/muon.go:584.12,585.15 1 0
github.com/benmuth/go-muon/muon.go:586.12,587.14 1 0
github.com/benmuth/go-muon/muon.go:588.12,589.13 1 0
github.com/benmuth/go-muon/muon.go:590.12,591.20 1 0
github.com/benmuth/go-muon/muon.go:592.12,593.22 1 0
github.com/benmuth/go-muon/muon.go:594.12,595.21 1 0
github.com/benmuth/go-muon/muon.go:596.66,597.18 1 0
github.com/benmuth/go-muon/muon.go:598.10,599.32 1 0
github.com/benmuth/go-muon/muon.go:603.42,606.16 3 0
github.com/benmuth/go-muon/muon.go:606.16,607.13 1 0
github.com/benmuth/go-muon/muon.go:609.2,609.25 1 0
github.com/benmuth/go-muon/muon.go:610.12,613.17 2 0
github.com/benmuth/go-muon/muon.go:613.17,614.14 1 0
github.com/benmuth/go-muon/muon.go:616.3,616.19 1 0
github.com/benmuth/go-muon/muon.go:617.12,620.17 3 0
github.com/benmuth/go-muon/muon.go:620.17,621.14 1 0
github.com/benmuth/go-muon/muon.go:623.3,623.49 1 0
github.com/benmuth/go-muon/muon.go:624.12,627.17 3 0
github.com/benmuth/go-muon/muon.go:627.17,628.14 1 0
github.com/benmuth/go-muon/muon.go:630.3,630.49 1 0
github.com/benmuth/go-muon/muon.go:631.12,634.17 3 0
github.com/benmuth/go-muon/muon.go:634.17,635.14 1 0
github.com/benmuth/go-muon/muon.go:637.3,637.49 1 0
github.com/benmuth/go-muon/muon.go:638.12,640.17 2 0
github.com/benmuth/go-muon/muon.go:640.17,641.14 1 0
github.com/benmuth/go-muon/muon.go:643.3,643.20 1 0
github.com/benmuth/go-muon/muon.go:644.12,648.17 3 0
github.com/benmuth/go-muon/muon.go:648.17,649.14 1 0
github.com/benmuth/go-muon/muon.go:651.3,651.42 1 0
github.com/benmuth/go-muon/muon.go:652.12,656.17 3 0
github.com/benmuth/go-muon/muon.go:656.17,657.14 1 0
github.com/benmuth/go-muon/muon.go:659.3,659.42 1 0
github.com/benmuth/go-muon/muon.go:660.12,664.17 3 0
github.com/benmuth/go-muon/muon.go:664.17,665.14 1 0
github.com/benmuth/go-muon/muon.go:667.3,667.44 1 0
github.com/benmuth/go-muon/muon.go:668.12,669.31 1 0
github.com/benmuth/go-muon/muon.go:670.12,673.17 3 0
github.com/benmuth/go-muon/muon.go:673.17,674.14 1 0
github.com/benmuth/go-muon/muon.go:676.3,676.64 1 0
github.com/benmuth/go-muon/muon.go:677.12,680.17 3 0
github.com/benmuth/go-muon/muon.go:680.17,681.14 1 0
github.com/benmuth/go-muon/muon.go:683.3,683.64 1 0
github.com/benmuth/go-muon/muon.go:684.12,685.29 1 0
github.com/benmuth/go-muon/muon.go:686.10,687.31 1 0
github.com/benmuth/go-muon/muon.go:691.44,693.16 2 0
github.com/benmuth/go-muon/muon.go:693.16,694.13 1 0
github.com/benmuth/go-muon/muon.go:697.2,698.18 2 0
github.com/benmuth/go-muon/muon.go:698.18,700.3 1 0
github.com/benmuth/go-muon/muon.go:702.2,703.16 2 0
github.com/benmuth/go-muon/muon.go:703.16,704.13 1 0
github.com/benmuth/go-muon/muon.go:707.2,709.11 2 0
github.com/benmuth/go-muon/muon.go:710.12,712.7 2 0
github.com/benmuth/go-muon/muon.go:712.7,714.14 2 0
github.com/benmuth/go-muon/muon.go:714.14,715.10 1 0
github.com/benmuth/go-muon/muon.go:718.4,718.27 1 0
github.com/benmuth/go-muon/muon.go:718.27,721.5 2 0
github.com/benmuth/go-muon/muon.go:722.4,722.16 1 0
github.com/benmuth/go-muon/muon.go:722.16,724.27 2 0
github.com/benmuth/go-muon/muon.go:724.27,726.6 1 0
github.com/benmuth/go-muon/muon.go:727.5,727.15 1 0
github.com/benmuth/go-muon/muon.go:730.12,732.29 1 0
github.com/benmuth/go-muon/muon.go:740.10,741.7 1 0
github.com/benmuth/go-muon/muon.go:741.7,743.14 2 0
github.com/benmuth/go-muon/muon.go:743.14,744.10 1 0
github.com/benmuth/go-muon/muon.go:747.4,749.18 3 0
github.com/benmuth/go-muon/muon.go:749.18,750.15 1 0
github.com/benmuth/go-muon/muon.go:752.4,752.16 1 0
github.com/benmuth/go-muon/muon.go:752.16,754.29 2 0
github.com/benmuth/go-muon/muon.go:754.29,756.6 1 0
github.com/benmuth/go-muon/muon.go:757.5,757.15 1 0
github.com/benmuth/go-muon/muon.go:760.4,760.28 1 0
github.com/benmuth/go-muon/muon.go:760.28,762.5 1 0
github.com/benmuth/go-muon/muon.go:765.2,765.12 1 0
github.com/benmuth/go-muon/muon.go:768.38,771.16 3 0
github.com/benmuth/go-muon/muon.go:771.16,772.13 1 0
github.com/benmuth/go-muon/muon.go:774.2,774.15 1 0
github.com/benmuth/go-muon/muon.go:774.15,775.29 1 0
github.com/benmuth/go-muon/muon.go:777.2,778.16 2 0
github.com/benmuth/go-muon/muon.go:778.16,779.13 1 0
github.com/benmuth/go-muon/muon.go:781.2,781.22 1 0
github.com/benmuth/go-muon/muon.go:781.22,784.17 3 0
github.com/benmuth/go-muon/muon.go:784.17,785.14 1 0
github.com/benmuth/go-muon/muon.go:788.2,789.16 2 0
github.com/benmuth/go-muon/muon.go:789.16,790.13 1 0
github.com/benmuth/go-muon/muon.go:792.2,792.12 1 0
github.com/benmuth/go-muon/muon.go:795.44,798.16 3 0
github.com/benmuth/go-muon/muon.go:798.16,799.13 1 0
github.com/benmuth/go-muon/muon.go:801.2,801.15 1 0
github.com/benmuth/go-muon/muon.go:801.15,802.29 1 0
github.com/benmuth/go-muon/muon.go:805.2,806.16 2 0
github.com/benmuth/go-muon/muon.go:806.16,807.13 1 0
github.com/benmuth/go-muon/muon.go:809.2,809.22 1 0
github.com/benmuth/go-muon/muon.go:809.22,814.17 5 0
github.com/benmuth/go-muon/muon.go:814.17,815.14 1 0
github.com/benmuth/go-muon/muon.go:818.2,819.16 2 0
github.com/benmuth/go-muon/muon.go:819.16,820.13 1 0
github.com/benmuth/go-muon/muon.go:822.2,822.12 1 0
github.com/benmuth/go-muon/muon.go:825.40,827.16 2 0
github.com/benmuth/go-muon/muon.go:827.16,828.13 1 0
github.com/benmuth/go-muon/muon.go:830.2,832.18 2 0
github.com/benmuth/go-muon/muon.go:832.18,834.17 2 0
github.com/benmuth/go-muon/muon.go:834.17,835.14 1 0
github.com/benmuth/go-muon/muon.go:837.3,837.16 1 0
github.com/benmuth/go-muon/muon.go:839.2,840.31 2 0
github.com/benmuth/go-muon/muon.go:840.31,841.10 1 0
github.com/benmuth/go-muon/muon.go:842.35,843.40 1 0
github.com/benmuth/go-muon/muon.go:844.35,845.43 1 0
github.com/benmuth/go-muon/muon.go:846.35,847.30 1 0
github.com/benmuth/go-muon/muon.go:848.20,850.18 2 0
github.com/benmuth/go-muon/muon.go:850.18,851.15 1 0
github.com/benmuth/go-muon/muon.go:853.4,854.26 2 0
github.com/benmuth/go-muon/muon.go:855.20,857.18 2 0
github.com/benmuth/go-muon/muon.go:857.18,858.15 1 0
github.com/benmuth/go-muon/muon.go:860.4,861.26 2 0
github.com/benmuth/go-muon/muon.go:862.20,864.18 2 0
github.com/benmuth/go-muon/muon.go:864.18,865.15 1 0
github.com/benmuth/go-muon/muon.go:867.4,867.29 1 0
github.com/benmuth/go-muon/muon.go:867.29,869.37 1 0
github.com/benmuth/go-muon/muon.go:869.37,871.6 1 0
github.com/benmuth/go-muon/muon.go:873.5,873.27 1 0
github.com/benmuth/go-muon/muon.go:874.10,878.27 4 0
github.com/benmuth/go-muon/muon.go:878.27,880.6 1 0
github.com/benmuth/go-muon/muon.go:881.5,881.15 1 0
github.com/benmuth/go-muon/muon.go:883.20,887.18 3 0
github.com/benmuth/go-muon/muon.go:887.18,888.15 1 0
github.com/benmuth/go-muon/muon.go:890.4,890.32 1 0
github.com/benmuth/go-muon/muon.go:890.32,891.27 1 0
github.com/benmuth/go-muon/muon.go:891.27,892.30 1 0
github.com/benmuth/go-muon/muon.go:895.4,895.26 1 0
github.com/benmuth/go-muon/muon.go:896.20,897.24 1 0
github.com/benmuth/go-muon/muon.go:898.20,901.27 3 0
github.com/benmuth/go-muon/muon.go:901.27,903.5 1 0
github.com/benmuth/go-muon/muon.go:904.4,904.14 1 0
github.com/benmuth/go-muon/muon.go:905.11,906.27 1 0
github.com/benmuth/go-muon/muon.go:909.2,909.16 1 0
